[00:11:46][INFO ](ContextLoader.java:271)-Root WebApplicationContext: initialization started
[00:11:47][DEBUG](UiApplicationContextUtils.java:85)-Unable to locate ThemeSource with name 'themeSource': using default [org.springframework.ui.context.support.ResourceBundleThemeSource@3a00237d]
[00:11:47][DEBUG](DriverManagerDataSource.java:134)-Loaded JDBC driver: org.postgresql.Driver
[00:11:47][DEBUG](LogFactory.java:109)-Logging initialized using 'class org.apache.ibatis.logging.slf4j.Slf4jImpl' adapter.
[00:11:47][DEBUG](Logger.java:49)-Parsed configuration file: 'class path resource [mybatis-config.xml]'
[00:11:47][DEBUG](Logger.java:49)-Parsed mapper file: 'file [C:\workspace-spring\.metadata\.plugins\org.eclipse.wst.server.core\tmp0\wtpwebapps\MybatisWeb\WEB-INF\classes\mapper\boardMapper.xml]'
[00:11:47][DEBUG](Logger.java:49)-Parsed mapper file: 'file [C:\workspace-spring\.metadata\.plugins\org.eclipse.wst.server.core\tmp0\wtpwebapps\MybatisWeb\WEB-INF\classes\mapper\commentMapper.xml]'
[00:11:48][DEBUG](JndiTemplate.java:155)-Looking up JNDI object with name [java:comp/env/spring.liveBeansView.mbeanDomain]
[00:11:48][DEBUG](JndiLocatorSupport.java:102)-Converted JNDI name [java:comp/env/spring.liveBeansView.mbeanDomain] not found - trying original name [spring.liveBeansView.mbeanDomain]. javax.naming.NameNotFoundException: Name [spring.liveBeansView.mbeanDomain]은(는) 이 컨텍스트에 바인딩되지 않았습니다. [spring.liveBeansView.mbeanDomain]을(를) 찾을 수 없습니다.
[00:11:48][DEBUG](JndiTemplate.java:155)-Looking up JNDI object with name [spring.liveBeansView.mbeanDomain]
[00:11:48][DEBUG](JndiPropertySource.java:101)-JNDI lookup for name [spring.liveBeansView.mbeanDomain] threw NamingException with message: Name [spring.liveBeansView.mbeanDomain]은(는) 이 컨텍스트에 바인딩되지 않았습니다. [spring.liveBeansView.mbeanDomain]을(를) 찾을 수 없습니다.. Returning null.
[00:11:48][INFO ](ContextLoader.java:307)-Root WebApplicationContext initialized in 1126 ms
[00:11:48][INFO ](FrameworkServlet.java:525)-Initializing Servlet 'appServlet'
[00:11:48][DEBUG](JndiTemplate.java:155)-Looking up JNDI object with name [java:comp/env/spring.profiles.active]
[00:11:48][DEBUG](JndiLocatorSupport.java:102)-Converted JNDI name [java:comp/env/spring.profiles.active] not found - trying original name [spring.profiles.active]. javax.naming.NameNotFoundException: Name [spring.profiles.active]은(는) 이 컨텍스트에 바인딩되지 않았습니다. [spring.profiles.active]을(를) 찾을 수 없습니다.
[00:11:48][DEBUG](JndiTemplate.java:155)-Looking up JNDI object with name [spring.profiles.active]
[00:11:48][DEBUG](JndiPropertySource.java:101)-JNDI lookup for name [spring.profiles.active] threw NamingException with message: Name [spring.profiles.active]은(는) 이 컨텍스트에 바인딩되지 않았습니다. [spring.profiles.active]을(를) 찾을 수 없습니다.. Returning null.
[00:11:48][DEBUG](JndiTemplate.java:155)-Looking up JNDI object with name [java:comp/env/spring.profiles.default]
[00:11:48][DEBUG](JndiLocatorSupport.java:102)-Converted JNDI name [java:comp/env/spring.profiles.default] not found - trying original name [spring.profiles.default]. javax.naming.NameNotFoundException: Name [spring.profiles.default]은(는) 이 컨텍스트에 바인딩되지 않았습니다. [spring.profiles.default]을(를) 찾을 수 없습니다.
[00:11:48][DEBUG](JndiTemplate.java:155)-Looking up JNDI object with name [spring.profiles.default]
[00:11:48][DEBUG](JndiPropertySource.java:101)-JNDI lookup for name [spring.profiles.default] threw NamingException with message: Name [spring.profiles.default]은(는) 이 컨텍스트에 바인딩되지 않았습니다. [spring.profiles.default]을(를) 찾을 수 없습니다.. Returning null.
[00:11:48][DEBUG](UiApplicationContextUtils.java:85)-Unable to locate ThemeSource with name 'themeSource': using default [org.springframework.ui.context.support.DelegatingThemeSource@596d17f4]
[00:11:49][DEBUG](JndiTemplate.java:155)-Looking up JNDI object with name [java:comp/env/spring.liveBeansView.mbeanDomain]
[00:11:49][DEBUG](JndiLocatorSupport.java:102)-Converted JNDI name [java:comp/env/spring.liveBeansView.mbeanDomain] not found - trying original name [spring.liveBeansView.mbeanDomain]. javax.naming.NameNotFoundException: Name [spring.liveBeansView.mbeanDomain]은(는) 이 컨텍스트에 바인딩되지 않았습니다. [spring.liveBeansView.mbeanDomain]을(를) 찾을 수 없습니다.
[00:11:49][DEBUG](JndiTemplate.java:155)-Looking up JNDI object with name [spring.liveBeansView.mbeanDomain]
[00:11:49][DEBUG](JndiPropertySource.java:101)-JNDI lookup for name [spring.liveBeansView.mbeanDomain] threw NamingException with message: Name [spring.liveBeansView.mbeanDomain]은(는) 이 컨텍스트에 바인딩되지 않았습니다. [spring.liveBeansView.mbeanDomain]을(를) 찾을 수 없습니다.. Returning null.
[00:11:49][INFO ](FrameworkServlet.java:547)-Completed initialization in 978 ms
[00:13:37][INFO ](ContextLoader.java:271)-Root WebApplicationContext: initialization started
[00:13:38][DEBUG](UiApplicationContextUtils.java:85)-Unable to locate ThemeSource with name 'themeSource': using default [org.springframework.ui.context.support.ResourceBundleThemeSource@10cb5047]
[00:13:38][DEBUG](DriverManagerDataSource.java:134)-Loaded JDBC driver: org.postgresql.Driver
[00:13:38][DEBUG](LogFactory.java:109)-Logging initialized using 'class org.apache.ibatis.logging.slf4j.Slf4jImpl' adapter.
[00:13:38][DEBUG](Logger.java:49)-Parsed configuration file: 'class path resource [mybatis-config.xml]'
[00:13:38][DEBUG](Logger.java:49)-Parsed mapper file: 'file [C:\workspace-spring\.metadata\.plugins\org.eclipse.wst.server.core\tmp0\wtpwebapps\MybatisWeb\WEB-INF\classes\mapper\boardMapper.xml]'
[00:13:38][DEBUG](Logger.java:49)-Parsed mapper file: 'file [C:\workspace-spring\.metadata\.plugins\org.eclipse.wst.server.core\tmp0\wtpwebapps\MybatisWeb\WEB-INF\classes\mapper\commentMapper.xml]'
[00:13:38][DEBUG](JndiTemplate.java:155)-Looking up JNDI object with name [java:comp/env/spring.liveBeansView.mbeanDomain]
[00:13:38][DEBUG](JndiLocatorSupport.java:102)-Converted JNDI name [java:comp/env/spring.liveBeansView.mbeanDomain] not found - trying original name [spring.liveBeansView.mbeanDomain]. javax.naming.NameNotFoundException: Name [spring.liveBeansView.mbeanDomain]은(는) 이 컨텍스트에 바인딩되지 않았습니다. [spring.liveBeansView.mbeanDomain]을(를) 찾을 수 없습니다.
[00:13:38][DEBUG](JndiTemplate.java:155)-Looking up JNDI object with name [spring.liveBeansView.mbeanDomain]
[00:13:38][DEBUG](JndiPropertySource.java:101)-JNDI lookup for name [spring.liveBeansView.mbeanDomain] threw NamingException with message: Name [spring.liveBeansView.mbeanDomain]은(는) 이 컨텍스트에 바인딩되지 않았습니다. [spring.liveBeansView.mbeanDomain]을(를) 찾을 수 없습니다.. Returning null.
[00:13:38][INFO ](ContextLoader.java:307)-Root WebApplicationContext initialized in 1086 ms
[00:13:38][INFO ](FrameworkServlet.java:525)-Initializing Servlet 'appServlet'
[00:13:38][DEBUG](JndiTemplate.java:155)-Looking up JNDI object with name [java:comp/env/spring.profiles.active]
[00:13:38][DEBUG](JndiLocatorSupport.java:102)-Converted JNDI name [java:comp/env/spring.profiles.active] not found - trying original name [spring.profiles.active]. javax.naming.NameNotFoundException: Name [spring.profiles.active]은(는) 이 컨텍스트에 바인딩되지 않았습니다. [spring.profiles.active]을(를) 찾을 수 없습니다.
[00:13:38][DEBUG](JndiTemplate.java:155)-Looking up JNDI object with name [spring.profiles.active]
[00:13:38][DEBUG](JndiPropertySource.java:101)-JNDI lookup for name [spring.profiles.active] threw NamingException with message: Name [spring.profiles.active]은(는) 이 컨텍스트에 바인딩되지 않았습니다. [spring.profiles.active]을(를) 찾을 수 없습니다.. Returning null.
[00:13:38][DEBUG](JndiTemplate.java:155)-Looking up JNDI object with name [java:comp/env/spring.profiles.default]
[00:13:38][DEBUG](JndiLocatorSupport.java:102)-Converted JNDI name [java:comp/env/spring.profiles.default] not found - trying original name [spring.profiles.default]. javax.naming.NameNotFoundException: Name [spring.profiles.default]은(는) 이 컨텍스트에 바인딩되지 않았습니다. [spring.profiles.default]을(를) 찾을 수 없습니다.
[00:13:38][DEBUG](JndiTemplate.java:155)-Looking up JNDI object with name [spring.profiles.default]
[00:13:38][DEBUG](JndiPropertySource.java:101)-JNDI lookup for name [spring.profiles.default] threw NamingException with message: Name [spring.profiles.default]은(는) 이 컨텍스트에 바인딩되지 않았습니다. [spring.profiles.default]을(를) 찾을 수 없습니다.. Returning null.
[00:13:38][DEBUG](UiApplicationContextUtils.java:85)-Unable to locate ThemeSource with name 'themeSource': using default [org.springframework.ui.context.support.DelegatingThemeSource@64745270]
[00:13:39][DEBUG](JndiTemplate.java:155)-Looking up JNDI object with name [java:comp/env/spring.liveBeansView.mbeanDomain]
[00:13:39][DEBUG](JndiLocatorSupport.java:102)-Converted JNDI name [java:comp/env/spring.liveBeansView.mbeanDomain] not found - trying original name [spring.liveBeansView.mbeanDomain]. javax.naming.NameNotFoundException: Name [spring.liveBeansView.mbeanDomain]은(는) 이 컨텍스트에 바인딩되지 않았습니다. [spring.liveBeansView.mbeanDomain]을(를) 찾을 수 없습니다.
[00:13:39][DEBUG](JndiTemplate.java:155)-Looking up JNDI object with name [spring.liveBeansView.mbeanDomain]
[00:13:39][DEBUG](JndiPropertySource.java:101)-JNDI lookup for name [spring.liveBeansView.mbeanDomain] threw NamingException with message: Name [spring.liveBeansView.mbeanDomain]은(는) 이 컨텍스트에 바인딩되지 않았습니다. [spring.liveBeansView.mbeanDomain]을(를) 찾을 수 없습니다.. Returning null.
[00:13:39][INFO ](FrameworkServlet.java:547)-Completed initialization in 966 ms
